#
# There is insufficient memory for the Java Runtime Environment to continue.
# Native memory allocation (mmap) failed to map 58720256 bytes for Failed to commit area from 0x00000000c9e00000 to 0x00000000cd600000 of length 58720256.
# Possible reasons:
#   The system is out of physical RAM or swap space
#   The process is running with CompressedOops enabled, and the Java Heap may be blocking the growth of the native heap
# Possible solutions:
#   Reduce memory load on the system
#   Increase physical memory or swap space
#   Check if swap backing store is full
#   Decrease Java heap size (-Xmx/-Xms)
#   Decrease number of Java threads
#   Decrease Java thread stack sizes (-Xss)
#   Set larger code cache with -XX:ReservedCodeCacheSize=
# This output file may be truncated or incomplete.
#
#  Out of Memory Error (./open/src/hotspot/os/windows/os_windows.cpp:3287), pid=18700, tid=25508
#
# JRE version:  (11.0.16+11) (build )
# Java VM: Java HotSpot(TM) 64-Bit Server VM (11.0.16+11-LTS-199, mixed mode, sharing, tiered, compressed oops, g1 gc, windows-amd64)
# No core dump will be written. Minidumps are not enabled by default on client versions of Windows
#

---------------  S U M M A R Y ------------

Command Line: -Dfile.encoding=UTF-8 --module-path=C:\Users\lenovo\eclipse-workspace\operators\bin -Djdk.module.main=operators operators/operators.FloatingPoint

Host: AMD Ryzen 3 3250U with Radeon Graphics         , 4 cores, 3G,  Windows 11 , 64 bit Build 22000 (10.0.22000.434)
Time: Sun Sep  4 20:50:03 2022 SE Asia Standard Time elapsed time: 0.036847 seconds (0d 0h 0m 0s)

---------------  T H R E A D  ---------------

Current thread (0x0000022c43684800):  JavaThread "Unknown thread" [_thread_in_vm, id=25508, stack(0x0000003db7300000,0x0000003db7400000)]

Stack: [0x0000003db7300000,0x0000003db7400000]
Native frames: (J=compiled Java code, j=interpreted, Vv=VM code, C=native code)
V  [jvm.dll+0x62a3ea]
V  [jvm.dll+0x76418f]
V  [jvm.dll+0x765839]
V  [jvm.dll+0x765ec3]
V  [jvm.dll+0x23da98]
V  [jvm.dll+0x62770a]
V  [jvm.dll+0x61c475]
V  [jvm.dll+0x2f2aac]
V  [jvm.dll+0x2f2932]
V  [jvm.dll+0x2f7656]
V  [jvm.dll+0x33a1cf]
V  [jvm.dll+0x339c00]
V  [jvm.dll+0x2d00c8]
V  [jvm.dll+0x2d1236]
V  [jvm.dll+0x73e757]
V  [jvm.dll+0x73ffef]
V  [jvm.dll+0x346ef9]
V  [jvm.dll+0x723f90]
V  [jvm.dll+0x3b5adf]
V  [jvm.dll+0x3b7bf1]
C  [jli.dll+0x5207]
C  [ucrtbase.dll+0x26c0c]
C  [KERNEL32.DLL+0x154e0]
C  [ntdll.dll+0x485b]


---------------  P R O C E S S  ---------------

Threads class SMR info:
_java_thread_list=0x0000022c41c515b0, length=0, elements={
}

Java Threads: ( => current thread )

Other Threads:
  0x0000022c4369d000 GCTaskThread "GC Thread#0" [stack: 0x0000003db7400000,0x0000003db7500000] [id=16176]
  0x0000022c436b4800 ConcurrentGCThread "G1 Main Marker" [stack: 0x0000003db7500000,0x0000003db7600000] [id=22272]
  0x0000022c436b6800 ConcurrentGCThread "G1 Conc#0" [stack: 0x0000003db7600000,0x0000003db7700000] [id=18804]

[error occurred during error reporting (printing all threads), id 0xc0000005, EXCEPTION_ACCESS_VIOLATION (0xc0000005) at pc=0x00007ffe92def357]

VM state:not at safepoint (not fully initialized)

VM Mutex/Monitor currently owned by a thread:  ([mutex/lock_event])
[0x0000022c43680470] Heap_lock - owner thread: 0x0000022c43684800

Heap address: 0x00000000c9e00000, size: 866 MB, Compressed Oops mode: Non-zero based: 0x00000000c9e00000
Narrow klass base: 0x0000000000000000, Narrow klass shift: 0

GC Heap History (0 events):
No events

Deoptimization events (0 events):
No events

Classes redefined (0 events):
No events

Internal exceptions (0 events):
No events

Events (0 events):
No events


Dynamic libraries:
0x00007ff6542b0000 - 0x00007ff6542bf000 	C:\Program Files\Java\jdk-11.0.16\bin\javaw.exe
0x00007fff12860000 - 0x00007fff12a69000 	C:\WINDOWS\SYSTEM32\ntdll.dll
0x00007fff10cc0000 - 0x00007fff10d7d000 	C:\WINDOWS\System32\KERNEL32.DLL
0x00007fff10120000 - 0x00007fff10494000 	C:\WINDOWS\System32\KERNELBASE.dll
0x00007fff0fdf0000 - 0x00007fff0ff01000 	C:\WINDOWS\System32\ucrtbase.dll
0x00007ffee8140000 - 0x00007ffee8155000 	C:\Program Files\Java\jdk-11.0.16\bin\VCRUNTIME140.dll
0x00007fff00fa0000 - 0x00007fff00fb8000 	C:\Program Files\Java\jdk-11.0.16\bin\jli.dll
0x00007fff10a00000 - 0x00007fff10aae000 	C:\WINDOWS\System32\ADVAPI32.dll
0x00007fff12300000 - 0x00007fff123a3000 	C:\WINDOWS\System32\msvcrt.dll
0x00007fff12260000 - 0x00007fff122fe000 	C:\WINDOWS\System32\sechost.dll
0x00007fff108e0000 - 0x00007fff10a00000 	C:\WINDOWS\System32\RPCRT4.dll
0x00007fff10b10000 - 0x00007fff10cbc000 	C:\WINDOWS\System32\USER32.dll
0x00007fff0fd50000 - 0x00007fff0fd76000 	C:\WINDOWS\System32\win32u.dll
0x00007fff11350000 - 0x00007fff11379000 	C:\WINDOWS\System32\GDI32.dll
0x00007ffeffbc0000 - 0x00007ffeffe65000 	C:\WINDOWS\WinSxS\amd64_microsoft.windows.common-controls_6595b64144ccf1df_6.0.22000.120_none_9d947278b86cc467\COMCTL32.dll
0x00007fff105e0000 - 0x00007fff106f2000 	C:\WINDOWS\System32\gdi32full.dll
0x00007fff0ff10000 - 0x00007fff0ffad000 	C:\WINDOWS\System32\msvcp_win.dll
0x00007fff07410000 - 0x00007fff0741a000 	C:\WINDOWS\SYSTEM32\VERSION.dll
0x00007fff10780000 - 0x00007fff107b1000 	C:\WINDOWS\System32\IMM32.DLL
0x00007ffee1070000 - 0x00007ffee110b000 	C:\Program Files\Java\jdk-11.0.16\bin\msvcp140.dll
0x00007ffe92b10000 - 0x00007ffe93628000 	C:\Program Files\Java\jdk-11.0.16\bin\server\jvm.dll
0x00007fff11590000 - 0x00007fff11598000 	C:\WINDOWS\System32\PSAPI.DLL
0x00007ffef2470000 - 0x00007ffef2479000 	C:\WINDOWS\SYSTEM32\WSOCK32.dll
0x00007fff12190000 - 0x00007fff121ff000 	C:\WINDOWS\System32\WS2_32.dll
0x00007fff073d0000 - 0x00007fff07403000 	C:\WINDOWS\SYSTEM32\WINMM.dll
0x00007fff0ee50000 - 0x00007fff0ee68000 	C:\WINDOWS\SYSTEM32\kernel.appcore.dll
0x00007fff0c4c0000 - 0x00007fff0c4d0000 	C:\Program Files\Java\jdk-11.0.16\bin\verify.dll
0x00007fff0c260000 - 0x00007fff0c481000 	C:\WINDOWS\SYSTEM32\DBGHELP.DLL
0x00007ffeeeae0000 - 0x00007ffeeeb11000 	C:\WINDOWS\SYSTEM32\dbgcore.DLL
0x00007fff10560000 - 0x00007fff105df000 	C:\WINDOWS\System32\bcryptPrimitives.dll
0x00007ffee7a50000 - 0x00007ffee7a78000 	C:\Program Files\Java\jdk-11.0.16\bin\java.dll
0x00007fff02a00000 - 0x00007fff02a0a000 	C:\Program Files\Java\jdk-11.0.16\bin\jimage.dll
0x00007ffeff720000 - 0x00007ffeff736000 	C:\Program Files\Java\jdk-11.0.16\bin\zip.dll

dbghelp: loaded successfully - version: 4.0.5 - missing functions: none
symbol engine: initialized successfully - sym options: 0x614 - pdb path: .;C:\Program Files\Java\jdk-11.0.16\bin;C:\WINDOWS\SYSTEM32;C:\WINDOWS\WinSxS\amd64_microsoft.windows.common-controls_6595b64144ccf1df_6.0.22000.120_none_9d947278b86cc467;C:\Program Files\Java\jdk-11.0.16\bin\server

VM Arguments:
jvm_args: -Dfile.encoding=UTF-8 --module-path=C:\Users\lenovo\eclipse-workspace\operators\bin -Djdk.module.main=operators 
java_command: operators/operators.FloatingPoint
java_class_path (initial): <not set>
Launcher Type: SUN_STANDARD

[Global flags]
     intx CICompilerCount                          = 3                                         {product} {ergonomic}
     uint ConcGCThreads                            = 1                                         {product} {ergonomic}
     uint G1ConcRefinementThreads                  = 4                                         {product} {ergonomic}
   size_t G1HeapRegionSize                         = 1048576                                   {product} {ergonomic}
    uintx GCDrainStackTargetSize                   = 64                                        {product} {ergonomic}
   size_t InitialHeapSize                          = 58720256                                  {product} {ergonomic}
   size_t MarkStackSize                            = 4194304                                   {product} {ergonomic}
   size_t MaxHeapSize                              = 908066816                                 {product} {ergonomic}
   size_t MinHeapDeltaBytes                        = 1048576                                   {product} {ergonomic}
    uintx NonNMethodCodeHeapSize                   = 5830732                                {pd product} {ergonomic}
    uintx NonProfiledCodeHeapSize                  = 122913754                              {pd product} {ergonomic}
    uintx ProfiledCodeHeapSize                     = 122913754                              {pd product} {ergonomic}
    uintx ReservedCodeCacheSize                    = 251658240                              {pd product} {ergonomic}
     bool SegmentedCodeCache                       = true                                      {product} {ergonomic}
     bool UseCompressedClassPointers               = true                                 {lp64_product} {ergonomic}
     bool UseCompressedOops                        = true                                 {lp64_product} {ergonomic}
     bool UseG1GC                                  = true                                      {product} {ergonomic}
     bool UseLargePagesIndividualAllocation        = false                                  {pd product} {ergonomic}

Logging:
Log output configuration:
 #0: stdout all=warning uptime,level,tags
 #1: stderr all=off uptime,level,tags

Environment Variables:
JAVA_HOME=C:\Program Files\Java\jdk-18.0.2.1
PATH=C:/Program Files/Java/jdk-11.0.16/bin/server;C:/Program Files/Java/jdk-11.0.16/bin;C:\app\lenovo\product\18.0.0\dbhomeXE\bin;C:\Program Files\Common Files\Oracle\Java\javapath;C:\ProgramData\Oracle\Java\javapath;C:\Program Files (x86)\Common Files\Intel\Shared Files\cpp\bin\Intel64;C:\WINDOWS\system32;C:\WINDOWS;C:\WINDOWS\System32\Wbem;C:\WINDOWS\System32\WindowsPowerShell\v1.0\;C:\WINDOWS\System32\OpenSSH\;C:\Program Files\Git\cmd;C:\VirtualBox-5.2.6-120293-Win\docker\bin;C:\Program Files\nodejs\;C:\Program Files\Java\jdk-18.0.2.1\bin;C:\Program Files\Java\jdk-18.0.2.1\bin;C:\Users\lenovo\AppData\Local\Programs\Microsoft VS Code\bin;C:\Users\lenovo\AppData\Roaming\npm;C:\Program Files\Java\jdk-18.0.2.1\bin;;C:\WINDOWS\System32;
USERNAME=lenovo
OS=Windows_NT
PROCESSOR_IDENTIFIER=AMD64 Family 23 Model 24 Stepping 1, AuthenticAMD



---------------  S Y S T E M  ---------------

OS: Windows 11 , 64 bit Build 22000 (10.0.22000.434)

CPU:total 4 (initial active 4) (4 cores per cpu, 2 threads per core) family 23 model 24 stepping 1 microcode 0x0, cmov, cx8, fxsr, mmx, sse, sse2, sse3, ssse3, sse4.1, sse4.2, popcnt, avx, avx2, aes, clmul, mmxext, 3dnowpref, lzcnt, sse4a, ht, tsc, tscinvbit, tscinv, bmi1, bmi2, adx, s

Memory: 4k page, system-wide physical 3460M (233M free)
TotalPageFile size 14212M (AvailPageFile size 39M)
current process WorkingSet (physical memory assigned to process): 9M, peak: 9M
current process commit charge ("private bytes"): 51M, peak: 107M

vm_info: Java HotSpot(TM) 64-Bit Server VM (11.0.16+11-LTS-199) for windows-amd64 JRE (11.0.16+11-LTS-199), built on Jun 28 2022 08:23:17 by "mach5one" with MS VC++ 15.9 (VS2017)

END.
